<?xml version="1.0" encoding="UTF-8"?>
<coverage generated="1758372997608" clover="3.2.0">
  <project timestamp="1758372997608" name="All files">
    <metrics statements="216" coveredstatements="163" conditionals="187" coveredconditionals="107" methods="55" coveredmethods="42" elements="458" coveredelements="312" complexity="0" loc="216" ncloc="216" packages="1" files="3" classes="3"/>
    <file name="App.js" path="D:\crew-ai-examples\claude-ui\crewai-manager\frontend\src\App.js">
      <metrics statements="205" coveredstatements="163" conditionals="183" coveredconditionals="107" methods="53" coveredmethods="42"/>
      <line num="23" count="1" type="stmt"/>
      <line num="24" count="1" type="stmt"/>
      <line num="26" count="1" type="stmt"/>
      <line num="27" count="73" type="stmt"/>
      <line num="28" count="73" type="stmt"/>
      <line num="29" count="73" type="stmt"/>
      <line num="30" count="73" type="stmt"/>
      <line num="31" count="73" type="stmt"/>
      <line num="32" count="73" type="stmt"/>
      <line num="33" count="73" type="stmt"/>
      <line num="34" count="73" type="stmt"/>
      <line num="35" count="73" type="stmt"/>
      <line num="36" count="73" type="stmt"/>
      <line num="37" count="73" type="stmt"/>
      <line num="38" count="73" type="stmt"/>
      <line num="39" count="73" type="stmt"/>
      <line num="40" count="73" type="stmt"/>
      <line num="41" count="73" type="stmt"/>
      <line num="42" count="73" type="stmt"/>
      <line num="43" count="73" type="stmt"/>
      <line num="45" count="73" type="stmt"/>
      <line num="46" count="14" type="stmt"/>
      <line num="48" count="13" type="stmt"/>
      <line num="49" count="13" type="stmt"/>
      <line num="52" count="1" type="stmt"/>
      <line num="56" count="73" type="stmt"/>
      <line num="57" count="28" type="stmt"/>
      <line num="58" count="28" type="stmt"/>
      <line num="61" count="73" type="stmt"/>
      <line num="62" count="14" type="stmt"/>
      <line num="63" count="0" type="stmt"/>
      <line num="64" count="0" type="stmt"/>
      <line num="65" count="0" type="stmt"/>
      <line num="72" count="0" type="stmt"/>
      <line num="73" count="0" type="stmt"/>
      <line num="77" count="14" type="stmt"/>
      <line num="79" count="14" type="stmt"/>
      <line num="80" count="14" type="stmt"/>
      <line num="84" count="73" type="stmt"/>
      <line num="85" count="3" type="stmt"/>
      <line num="86" count="3" type="stmt"/>
      <line num="88" count="3" type="stmt"/>
      <line num="89" count="0" type="stmt"/>
      <line num="90" count="0" type="stmt"/>
      <line num="91" count="0" type="stmt"/>
      <line num="92" count="0" type="stmt"/>
      <line num="97" count="73" type="stmt"/>
      <line num="98" count="1" type="stmt"/>
      <line num="99" count="1" type="stmt"/>
      <line num="100" count="1" type="stmt"/>
      <line num="101" count="1" type="stmt"/>
      <line num="103" count="1" type="stmt"/>
      <line num="106" count="73" type="stmt"/>
      <line num="107" count="3" type="cond" truecount="1" falsecount="1"/>
      <line num="109" count="3" type="stmt"/>
      <line num="110" count="3" type="stmt"/>
      <line num="111" count="3" type="stmt"/>
      <line num="112" count="3" type="cond" truecount="1" falsecount="1"/>
      <line num="113" count="3" type="cond" truecount="1" falsecount="1"/>
      <line num="115" count="0" type="stmt"/>
      <line num="116" count="0" type="cond" truecount="0" falsecount="2"/>
      <line num="119" count="0" type="stmt"/>
      <line num="120" count="0" type="cond" truecount="0" falsecount="3"/>
      <line num="122" count="3" type="stmt"/>
      <line num="126" count="73" type="stmt"/>
      <line num="127" count="2" type="cond" truecount="3" falsecount="1"/>
      <line num="129" count="2" type="stmt"/>
      <line num="130" count="2" type="stmt"/>
      <line num="131" count="2" type="stmt"/>
      <line num="133" count="2" type="stmt"/>
      <line num="134" count="2" type="stmt"/>
      <line num="138" count="1" type="cond" truecount="1" falsecount="1"/>
      <line num="139" count="1" type="stmt"/>
      <line num="141" count="1" type="stmt"/>
      <line num="142" count="1" type="stmt"/>
      <line num="143" count="1" type="stmt"/>
      <line num="146" count="0" type="cond" truecount="0" falsecount="2"/>
      <line num="149" count="1" type="stmt"/>
      <line num="150" count="1" type="cond" truecount="1" falsecount="2"/>
      <line num="152" count="2" type="stmt"/>
      <line num="157" count="73" type="stmt"/>
      <line num="158" count="32" type="cond" truecount="4" falsecount="0"/>
      <line num="159" count="3" type="stmt"/>
      <line num="163" count="73" type="stmt"/>
      <line num="164" count="0" type="stmt"/>
      <line num="170" count="73" type="stmt"/>
      <line num="172" count="32" type="stmt"/>
      <line num="173" count="32" type="cond" truecount="2" falsecount="2"/>
      <line num="174" count="0" type="cond" truecount="0" falsecount="3"/>
      <line num="176" count="32" type="cond" truecount="2" falsecount="1"/>
      <line num="179" count="73" type="stmt"/>
      <line num="180" count="2" type="stmt"/>
      <line num="181" count="2" type="stmt"/>
      <line num="182" count="2" type="stmt"/>
      <line num="183" count="2" type="stmt"/>
      <line num="184" count="2" type="stmt"/>
      <line num="186" count="2" type="cond" truecount="2" falsecount="0"/>
      <line num="187" count="1" type="stmt"/>
      <line num="188" count="1" type="cond" truecount="1" falsecount="1"/>
      <line num="189" count="1" type="stmt"/>
      <line num="192" count="0" type="cond" truecount="0" falsecount="2"/>
      <line num="196" count="1" type="cond" truecount="1" falsecount="1"/>
      <line num="199" count="0" type="stmt"/>
      <line num="200" count="0" type="stmt"/>
      <line num="202" count="2" type="stmt"/>
      <line num="206" count="73" type="stmt"/>
      <line num="207" count="3" type="stmt"/>
      <line num="208" count="3" type="stmt"/>
      <line num="210" count="3" type="stmt"/>
      <line num="212" count="3" type="stmt"/>
      <line num="213" count="3" type="stmt"/>
      <line num="214" count="3" type="stmt"/>
      <line num="217" count="3" type="stmt"/>
      <line num="218" count="3" type="stmt"/>
      <line num="219" count="3" type="cond" truecount="1" falsecount="1"/>
      <line num="220" count="0" type="stmt"/>
      <line num="221" count="0" type="stmt"/>
      <line num="224" count="3" type="stmt"/>
      <line num="226" count="3" type="stmt"/>
      <line num="229" count="3" type="stmt"/>
      <line num="232" count="2" type="stmt"/>
      <line num="235" count="2" type="stmt"/>
      <line num="242" count="1" type="cond" truecount="1" falsecount="1"/>
      <line num="244" count="1" type="stmt"/>
      <line num="247" count="1" type="stmt"/>
      <line num="249" count="0" type="cond" truecount="0" falsecount="2"/>
      <line num="252" count="2" type="stmt"/>
      <line num="253" count="2" type="cond" truecount="1" falsecount="1"/>
      <line num="255" count="3" type="stmt"/>
      <line num="260" count="3" type="stmt"/>
      <line num="262" count="0" type="stmt"/>
      <line num="263" count="0" type="stmt"/>
      <line num="264" count="0" type="stmt"/>
      <line num="268" count="73" type="stmt"/>
      <line num="269" count="3" type="stmt"/>
      <line num="270" count="3" type="stmt"/>
      <line num="271" count="3" type="stmt"/>
      <line num="272" count="3" type="stmt"/>
      <line num="274" count="3" type="stmt"/>
      <line num="275" count="0" type="stmt"/>
      <line num="277" count="3" type="stmt"/>
      <line num="281" count="73" type="stmt"/>
      <line num="282" count="3" type="stmt"/>
      <line num="284" count="3" type="stmt"/>
      <line num="287" count="3" type="cond" truecount="4" falsecount="0"/>
      <line num="288" count="1" type="stmt"/>
      <line num="292" count="2" type="stmt"/>
      <line num="299" count="2" type="cond" truecount="3" falsecount="1"/>
      <line num="300" count="2" type="stmt"/>
      <line num="309" count="2" type="cond" truecount="3" falsecount="1"/>
      <line num="310" count="2" type="stmt"/>
      <line num="317" count="2" type="stmt"/>
      <line num="319" count="1" type="stmt"/>
      <line num="323" count="73" type="stmt"/>
      <line num="325" count="2" type="cond" truecount="1" falsecount="1"/>
      <line num="326" count="0" type="stmt"/>
      <line num="330" count="2" type="cond" truecount="1" falsecount="1"/>
      <line num="331" count="0" type="stmt"/>
      <line num="334" count="2" type="stmt"/>
      <line num="335" count="2" type="cond" truecount="1" falsecount="1"/>
      <line num="336" count="0" type="stmt"/>
      <line num="338" count="2" type="cond" truecount="1" falsecount="1"/>
      <line num="339" count="0" type="stmt"/>
      <line num="341" count="2" type="cond" truecount="1" falsecount="1"/>
      <line num="342" count="0" type="stmt"/>
      <line num="344" count="2" type="cond" truecount="1" falsecount="1"/>
      <line num="345" count="0" type="stmt"/>
      <line num="350" count="2" type="cond" truecount="1" falsecount="1"/>
      <line num="351" count="0" type="stmt"/>
      <line num="354" count="2" type="stmt"/>
      <line num="355" count="2" type="cond" truecount="1" falsecount="1"/>
      <line num="356" count="0" type="stmt"/>
      <line num="358" count="2" type="cond" truecount="1" falsecount="1"/>
      <line num="359" count="0" type="stmt"/>
      <line num="361" count="2" type="cond" truecount="1" falsecount="1"/>
      <line num="362" count="0" type="stmt"/>
      <line num="367" count="73" type="stmt"/>
      <line num="368" count="50" type="stmt"/>
      <line num="373" count="2" type="stmt"/>
      <line num="375" count="2" type="cond" truecount="1" falsecount="1"/>
      <line num="376" count="0" type="stmt"/>
      <line num="404" count="73" type="stmt"/>
      <line num="405" count="0" type="stmt"/>
      <line num="425" count="73" type="stmt"/>
      <line num="474" count="219" type="stmt"/>
      <line num="477" count="5" type="stmt"/>
      <line num="479" count="5" type="cond" truecount="1" falsecount="1"/>
      <line num="480" count="0" type="stmt"/>
      <line num="497" count="52" type="stmt"/>
      <line num="510" count="1" type="stmt"/>
      <line num="511" count="1" type="stmt"/>
      <line num="533" count="3" type="stmt"/>
      <line num="544" count="0" type="stmt"/>
      <line num="588" count="1" type="stmt"/>
      <line num="589" count="1" type="stmt"/>
      <line num="590" count="1" type="stmt"/>
      <line num="628" count="17" type="stmt"/>
      <line num="644" count="1" type="stmt"/>
      <line num="652" count="3" type="stmt"/>
      <line num="672" count="32" type="cond" truecount="2" falsecount="2"/>
      <line num="676" count="32" type="stmt"/>
      <line num="685" count="0" type="stmt"/>
      <line num="706" count="32" type="stmt"/>
      <line num="717" count="32" type="stmt"/>
      <line num="736" count="0" type="stmt"/>
    </file>
    <file name="index.js" path="D:\crew-ai-examples\claude-ui\crewai-manager\frontend\src\index.js">
      <metrics statements="3" coveredstatements="0" conditionals="0" coveredconditionals="0" methods="0" coveredmethods="0"/>
      <line num="7" count="0" type="stmt"/>
      <line num="8" count="0" type="stmt"/>
      <line num="17" count="0" type="stmt"/>
    </file>
    <file name="reportWebVitals.js" path="D:\crew-ai-examples\claude-ui\crewai-manager\frontend\src\reportWebVitals.js">
      <metrics statements="8" coveredstatements="0" conditionals="4" coveredconditionals="0" methods="2" coveredmethods="0"/>
      <line num="1" count="0" type="stmt"/>
      <line num="2" count="0" type="cond" truecount="0" falsecount="4"/>
      <line num="3" count="0" type="stmt"/>
      <line num="4" count="0" type="stmt"/>
      <line num="5" count="0" type="stmt"/>
      <line num="6" count="0" type="stmt"/>
      <line num="7" count="0" type="stmt"/>
      <line num="8" count="0" type="stmt"/>
    </file>
  </project>
</coverage>
