{"D:\\crew-ai-examples\\claude-ui\\crewai-manager\\frontend\\src\\App.js": {"path":"D:\\crew-ai-examples\\claude-ui\\crewai-manager\\frontend\\src\\App.js","statementMap":{"0":{"start":{"line":23,"column":17},"end":{"line":23,"column":44}},"1":{"start":{"line":24,"column":15},"end":{"line":24,"column":42}},"2":{"start":{"line":26,"column":22},"end":{"line":763,"column":1}},"3":{"start":{"line":27,"column":28},"end":{"line":27,"column":40}},"4":{"start":{"line":28,"column":42},"end":{"line":28,"column":56}},"5":{"start":{"line":29,"column":36},"end":{"line":29,"column":53}},"6":{"start":{"line":30,"column":42},"end":{"line":30,"column":61}},"7":{"start":{"line":31,"column":34},"end":{"line":31,"column":46}},"8":{"start":{"line":32,"column":40},"end":{"line":32,"column":54}},"9":{"start":{"line":33,"column":40},"end":{"line":33,"column":52}},"10":{"start":{"line":34,"column":40},"end":{"line":34,"column":55}},"11":{"start":{"line":35,"column":38},"end":{"line":35,"column":53}},"12":{"start":{"line":36,"column":40},"end":{"line":36,"column":55}},"13":{"start":{"line":37,"column":36},"end":{"line":37,"column":50}},"14":{"start":{"line":38,"column":40},"end":{"line":38,"column":52}},"15":{"start":{"line":39,"column":42},"end":{"line":39,"column":57}},"16":{"start":{"line":40,"column":42},"end":{"line":40,"column":56}},"17":{"start":{"line":41,"column":44},"end":{"line":41,"column":59}},"18":{"start":{"line":42,"column":40},"end":{"line":42,"column":54}},"19":{"start":{"line":43,"column":26},"end":{"line":43,"column":38}},"20":{"start":{"line":45,"column":2},"end":{"line":54,"column":9}},"21":{"start":{"line":46,"column":4},"end":{"line":53,"column":9}},"22":{"start":{"line":48,"column":8},"end":{"line":48,"column":32}},"23":{"start":{"line":49,"column":8},"end":{"line":49,"column":42}},"24":{"start":{"line":52,"column":8},"end":{"line":52,"column":54}},"25":{"start":{"line":56,"column":2},"end":{"line":59,"column":21}},"26":{"start":{"line":57,"column":4},"end":{"line":57,"column":43}},"27":{"start":{"line":58,"column":4},"end":{"line":58,"column":69}},"28":{"start":{"line":61,"column":2},"end":{"line":82,"column":9}},"29":{"start":{"line":62,"column":26},"end":{"line":75,"column":5}},"30":{"start":{"line":63,"column":6},"end":{"line":63,"column":54}},"31":{"start":{"line":64,"column":6},"end":{"line":74,"column":9}},"32":{"start":{"line":65,"column":28},"end":{"line":71,"column":9}},"33":{"start":{"line":72,"column":8},"end":{"line":72,"column":63}},"34":{"start":{"line":73,"column":8},"end":{"line":73,"column":27}},"35":{"start":{"line":77,"column":4},"end":{"line":77,"column":40}},"36":{"start":{"line":79,"column":4},"end":{"line":81,"column":6}},"37":{"start":{"line":80,"column":6},"end":{"line":80,"column":43}},"38":{"start":{"line":84,"column":20},"end":{"line":95,"column":3}},"39":{"start":{"line":85,"column":4},"end":{"line":85,"column":56}},"40":{"start":{"line":85,"column":28},"end":{"line":85,"column":54}},"41":{"start":{"line":86,"column":4},"end":{"line":86,"column":37}},"42":{"start":{"line":88,"column":4},"end":{"line":94,"column":14}},"43":{"start":{"line":89,"column":6},"end":{"line":93,"column":9}},"44":{"start":{"line":90,"column":23},"end":{"line":90,"column":36}},"45":{"start":{"line":91,"column":8},"end":{"line":91,"column":30}},"46":{"start":{"line":92,"column":8},"end":{"line":92,"column":22}},"47":{"start":{"line":97,"column":19},"end":{"line":104,"column":3}},"48":{"start":{"line":98,"column":4},"end":{"line":102,"column":7}},"49":{"start":{"line":99,"column":21},"end":{"line":99,"column":34}},"50":{"start":{"line":100,"column":6},"end":{"line":100,"column":28}},"51":{"start":{"line":101,"column":6},"end":{"line":101,"column":20}},"52":{"start":{"line":103,"column":4},"end":{"line":103,"column":36}},"53":{"start":{"line":106,"column":27},"end":{"line":124,"column":20}},"54":{"start":{"line":107,"column":4},"end":{"line":107,"column":30}},"55":{"start":{"line":107,"column":23},"end":{"line":107,"column":30}},"56":{"start":{"line":109,"column":4},"end":{"line":109,"column":25}},"57":{"start":{"line":110,"column":4},"end":{"line":123,"column":5}},"58":{"start":{"line":111,"column":23},"end":{"line":111,"column":90}},"59":{"start":{"line":112,"column":6},"end":{"line":117,"column":7}},"60":{"start":{"line":113,"column":8},"end":{"line":113,"column":74}},"61":{"start":{"line":115,"column":8},"end":{"line":115,"column":77}},"62":{"start":{"line":116,"column":8},"end":{"line":116,"column":97}},"63":{"start":{"line":119,"column":6},"end":{"line":119,"column":59}},"64":{"start":{"line":120,"column":6},"end":{"line":120,"column":119}},"65":{"start":{"line":122,"column":6},"end":{"line":122,"column":28}},"66":{"start":{"line":126,"column":19},"end":{"line":154,"column":3}},"67":{"start":{"line":127,"column":4},"end":{"line":127,"column":46}},"68":{"start":{"line":127,"column":39},"end":{"line":127,"column":46}},"69":{"start":{"line":129,"column":4},"end":{"line":129,"column":24}},"70":{"start":{"line":130,"column":4},"end":{"line":130,"column":26}},"71":{"start":{"line":131,"column":4},"end":{"line":131,"column":23}},"72":{"start":{"line":133,"column":4},"end":{"line":153,"column":5}},"73":{"start":{"line":134,"column":23},"end":{"line":136,"column":8}},"74":{"start":{"line":138,"column":6},"end":{"line":147,"column":7}},"75":{"start":{"line":139,"column":8},"end":{"line":139,"column":29}},"76":{"start":{"line":141,"column":8},"end":{"line":144,"column":17}},"77":{"start":{"line":142,"column":10},"end":{"line":142,"column":31}},"78":{"start":{"line":143,"column":10},"end":{"line":143,"column":32}},"79":{"start":{"line":146,"column":8},"end":{"line":146,"column":77}},"80":{"start":{"line":149,"column":6},"end":{"line":149,"column":57}},"81":{"start":{"line":150,"column":6},"end":{"line":150,"column":97}},"82":{"start":{"line":152,"column":6},"end":{"line":152,"column":27}},"83":{"start":{"line":157,"column":2},"end":{"line":161,"column":52}},"84":{"start":{"line":158,"column":4},"end":{"line":160,"column":5}},"85":{"start":{"line":159,"column":6},"end":{"line":159,"column":36}},"86":{"start":{"line":163,"column":27},"end":{"line":168,"column":3}},"87":{"start":{"line":164,"column":4},"end":{"line":167,"column":8}},"88":{"start":{"line":164,"column":28},"end":{"line":167,"column":5}},"89":{"start":{"line":170,"column":24},"end":{"line":177,"column":3}},"90":{"start":{"line":172,"column":26},"end":{"line":172,"column":53}},"91":{"start":{"line":173,"column":4},"end":{"line":175,"column":5}},"92":{"start":{"line":174,"column":6},"end":{"line":174,"column":86}},"93":{"start":{"line":176,"column":4},"end":{"line":176,"column":76}},"94":{"start":{"line":179,"column":23},"end":{"line":204,"column":3}},"95":{"start":{"line":180,"column":4},"end":{"line":180,"column":26}},"96":{"start":{"line":181,"column":4},"end":{"line":181,"column":26}},"97":{"start":{"line":182,"column":4},"end":{"line":203,"column":5}},"98":{"start":{"line":183,"column":23},"end":{"line":183,"column":59}},"99":{"start":{"line":184,"column":6},"end":{"line":184,"column":30}},"100":{"start":{"line":186,"column":6},"end":{"line":197,"column":7}},"101":{"start":{"line":187,"column":28},"end":{"line":187,"column":83}},"102":{"start":{"line":187,"column":55},"end":{"line":187,"column":82}},"103":{"start":{"line":188,"column":8},"end":{"line":193,"column":9}},"104":{"start":{"line":189,"column":10},"end":{"line":189,"column":39}},"105":{"start":{"line":192,"column":10},"end":{"line":192,"column":52}},"106":{"start":{"line":196,"column":8},"end":{"line":196,"column":50}},"107":{"start":{"line":199,"column":6},"end":{"line":199,"column":54}},"108":{"start":{"line":200,"column":6},"end":{"line":200,"column":68}},"109":{"start":{"line":202,"column":6},"end":{"line":202,"column":29}},"110":{"start":{"line":206,"column":27},"end":{"line":266,"column":3}},"111":{"start":{"line":207,"column":4},"end":{"line":207,"column":27}},"112":{"start":{"line":208,"column":4},"end":{"line":208,"column":25}},"113":{"start":{"line":210,"column":4},"end":{"line":265,"column":5}},"114":{"start":{"line":212,"column":24},"end":{"line":212,"column":55}},"115":{"start":{"line":213,"column":6},"end":{"line":213,"column":30}},"116":{"start":{"line":214,"column":6},"end":{"line":214,"column":38}},"117":{"start":{"line":217,"column":6},"end":{"line":257,"column":8}},"118":{"start":{"line":218,"column":21},"end":{"line":218,"column":42}},"119":{"start":{"line":219,"column":8},"end":{"line":222,"column":9}},"120":{"start":{"line":220,"column":10},"end":{"line":220,"column":34}},"121":{"start":{"line":221,"column":10},"end":{"line":221,"column":17}},"122":{"start":{"line":224,"column":8},"end":{"line":256,"column":9}},"123":{"start":{"line":226,"column":30},"end":{"line":226,"column":57}},"124":{"start":{"line":229,"column":27},"end":{"line":229,"column":53}},"125":{"start":{"line":232,"column":10},"end":{"line":232,"column":37}},"126":{"start":{"line":235,"column":27},"end":{"line":240,"column":12}},"127":{"start":{"line":242,"column":10},"end":{"line":250,"column":11}},"128":{"start":{"line":244,"column":12},"end":{"line":244,"column":33}},"129":{"start":{"line":247,"column":12},"end":{"line":247,"column":54}},"130":{"start":{"line":249,"column":12},"end":{"line":249,"column":77}},"131":{"start":{"line":252,"column":10},"end":{"line":252,"column":56}},"132":{"start":{"line":253,"column":10},"end":{"line":253,"column":67}},"133":{"start":{"line":255,"column":10},"end":{"line":255,"column":34}},"134":{"start":{"line":260,"column":6},"end":{"line":260,"column":24}},"135":{"start":{"line":262,"column":6},"end":{"line":262,"column":60}},"136":{"start":{"line":263,"column":6},"end":{"line":263,"column":53}},"137":{"start":{"line":264,"column":6},"end":{"line":264,"column":30}},"138":{"start":{"line":268,"column":26},"end":{"line":279,"column":3}},"139":{"start":{"line":269,"column":4},"end":{"line":278,"column":7}},"140":{"start":{"line":270,"column":21},"end":{"line":270,"column":37}},"141":{"start":{"line":271,"column":6},"end":{"line":273,"column":8}},"142":{"start":{"line":272,"column":8},"end":{"line":272,"column":37}},"143":{"start":{"line":274,"column":6},"end":{"line":276,"column":8}},"144":{"start":{"line":275,"column":8},"end":{"line":275,"column":22}},"145":{"start":{"line":277,"column":6},"end":{"line":277,"column":30}},"146":{"start":{"line":281,"column":24},"end":{"line":321,"column":3}},"147":{"start":{"line":282,"column":4},"end":{"line":320,"column":5}},"148":{"start":{"line":284,"column":25},"end":{"line":284,"column":47}},"149":{"start":{"line":287,"column":6},"end":{"line":289,"column":7}},"150":{"start":{"line":288,"column":8},"end":{"line":288,"column":50}},"151":{"start":{"line":292,"column":23},"end":{"line":296,"column":7}},"152":{"start":{"line":299,"column":6},"end":{"line":306,"column":7}},"153":{"start":{"line":300,"column":8},"end":{"line":305,"column":12}},"154":{"start":{"line":300,"column":58},"end":{"line":305,"column":9}},"155":{"start":{"line":309,"column":6},"end":{"line":315,"column":7}},"156":{"start":{"line":310,"column":8},"end":{"line":314,"column":12}},"157":{"start":{"line":310,"column":55},"end":{"line":314,"column":9}},"158":{"start":{"line":317,"column":6},"end":{"line":317,"column":22}},"159":{"start":{"line":319,"column":6},"end":{"line":319,"column":72}},"160":{"start":{"line":323,"column":27},"end":{"line":365,"column":3}},"161":{"start":{"line":325,"column":4},"end":{"line":327,"column":5}},"162":{"start":{"line":326,"column":6},"end":{"line":326,"column":47}},"163":{"start":{"line":330,"column":4},"end":{"line":332,"column":5}},"164":{"start":{"line":331,"column":6},"end":{"line":331,"column":49}},"165":{"start":{"line":334,"column":4},"end":{"line":347,"column":5}},"166":{"start":{"line":335,"column":6},"end":{"line":337,"column":7}},"167":{"start":{"line":336,"column":8},"end":{"line":336,"column":55}},"168":{"start":{"line":338,"column":6},"end":{"line":340,"column":7}},"169":{"start":{"line":339,"column":8},"end":{"line":339,"column":55}},"170":{"start":{"line":341,"column":6},"end":{"line":343,"column":7}},"171":{"start":{"line":342,"column":8},"end":{"line":342,"column":55}},"172":{"start":{"line":344,"column":6},"end":{"line":346,"column":7}},"173":{"start":{"line":345,"column":8},"end":{"line":345,"column":60}},"174":{"start":{"line":350,"column":4},"end":{"line":352,"column":5}},"175":{"start":{"line":351,"column":6},"end":{"line":351,"column":48}},"176":{"start":{"line":354,"column":4},"end":{"line":364,"column":5}},"177":{"start":{"line":355,"column":6},"end":{"line":357,"column":7}},"178":{"start":{"line":356,"column":8},"end":{"line":356,"column":54}},"179":{"start":{"line":358,"column":6},"end":{"line":360,"column":7}},"180":{"start":{"line":359,"column":8},"end":{"line":359,"column":61}},"181":{"start":{"line":361,"column":6},"end":{"line":363,"column":7}},"182":{"start":{"line":362,"column":8},"end":{"line":362,"column":66}},"183":{"start":{"line":367,"column":19},"end":{"line":402,"column":3}},"184":{"start":{"line":368,"column":4},"end":{"line":401,"column":10}},"185":{"start":{"line":373,"column":8},"end":{"line":373,"column":30}},"186":{"start":{"line":375,"column":8},"end":{"line":377,"column":9}},"187":{"start":{"line":376,"column":10},"end":{"line":376,"column":31}},"188":{"start":{"line":404,"column":19},"end":{"line":423,"column":3}},"189":{"start":{"line":405,"column":4},"end":{"line":422,"column":10}},"190":{"start":{"line":425,"column":2},"end":{"line":762,"column":4}},"191":{"start":{"line":474,"column":16},"end":{"line":490,"column":25}},"192":{"start":{"line":477,"column":20},"end":{"line":477,"column":38}},"193":{"start":{"line":479,"column":20},"end":{"line":481,"column":21}},"194":{"start":{"line":480,"column":22},"end":{"line":480,"column":43}},"195":{"start":{"line":497,"column":18},"end":{"line":497,"column":56}},"196":{"start":{"line":510,"column":33},"end":{"line":510,"column":65}},"197":{"start":{"line":510,"column":49},"end":{"line":510,"column":64}},"198":{"start":{"line":511,"column":20},"end":{"line":521,"column":22}},"199":{"start":{"line":533,"column":22},"end":{"line":533,"column":52}},"200":{"start":{"line":544,"column":22},"end":{"line":544,"column":51}},"201":{"start":{"line":588,"column":22},"end":{"line":588,"column":43}},"202":{"start":{"line":589,"column":22},"end":{"line":589,"column":44}},"203":{"start":{"line":590,"column":22},"end":{"line":590,"column":41}},"204":{"start":{"line":628,"column":35},"end":{"line":628,"column":65}},"205":{"start":{"line":644,"column":37},"end":{"line":644,"column":62}},"206":{"start":{"line":652,"column":37},"end":{"line":652,"column":63}},"207":{"start":{"line":672,"column":43},"end":{"line":674,"column":39}},"208":{"start":{"line":676,"column":22},"end":{"line":690,"column":24}},"209":{"start":{"line":685,"column":45},"end":{"line":685,"column":82}},"210":{"start":{"line":706,"column":26},"end":{"line":709,"column":33}},"211":{"start":{"line":717,"column":26},"end":{"line":719,"column":32}},"212":{"start":{"line":736,"column":26},"end":{"line":736,"column":60}}},"fnMap":{"0":{"name":"(anonymous_0)","decl":{"start":{"line":26,"column":22},"end":{"line":26,"column":23}},"loc":{"start":{"line":26,"column":28},"end":{"line":763,"column":1}},"line":26},"1":{"name":"(anonymous_1)","decl":{"start":{"line":45,"column":12},"end":{"line":45,"column":13}},"loc":{"start":{"line":45,"column":18},"end":{"line":54,"column":3}},"line":45},"2":{"name":"(anonymous_2)","decl":{"start":{"line":47,"column":12},"end":{"line":47,"column":13}},"loc":{"start":{"line":47,"column":24},"end":{"line":50,"column":7}},"line":47},"3":{"name":"(anonymous_3)","decl":{"start":{"line":51,"column":13},"end":{"line":51,"column":14}},"loc":{"start":{"line":51,"column":22},"end":{"line":53,"column":7}},"line":51},"4":{"name":"(anonymous_4)","decl":{"start":{"line":56,"column":12},"end":{"line":56,"column":13}},"loc":{"start":{"line":56,"column":18},"end":{"line":59,"column":3}},"line":56},"5":{"name":"(anonymous_5)","decl":{"start":{"line":61,"column":12},"end":{"line":61,"column":13}},"loc":{"start":{"line":61,"column":18},"end":{"line":82,"column":3}},"line":61},"6":{"name":"(anonymous_6)","decl":{"start":{"line":62,"column":26},"end":{"line":62,"column":27}},"loc":{"start":{"line":62,"column":35},"end":{"line":75,"column":5}},"line":62},"7":{"name":"(anonymous_7)","decl":{"start":{"line":64,"column":18},"end":{"line":64,"column":19}},"loc":{"start":{"line":64,"column":26},"end":{"line":74,"column":7}},"line":64},"8":{"name":"(anonymous_8)","decl":{"start":{"line":79,"column":11},"end":{"line":79,"column":12}},"loc":{"start":{"line":79,"column":17},"end":{"line":81,"column":5}},"line":79},"9":{"name":"(anonymous_9)","decl":{"start":{"line":84,"column":20},"end":{"line":84,"column":21}},"loc":{"start":{"line":84,"column":32},"end":{"line":95,"column":3}},"line":84},"10":{"name":"(anonymous_10)","decl":{"start":{"line":85,"column":20},"end":{"line":85,"column":21}},"loc":{"start":{"line":85,"column":28},"end":{"line":85,"column":54}},"line":85},"11":{"name":"(anonymous_11)","decl":{"start":{"line":88,"column":15},"end":{"line":88,"column":16}},"loc":{"start":{"line":88,"column":21},"end":{"line":94,"column":5}},"line":88},"12":{"name":"(anonymous_12)","decl":{"start":{"line":89,"column":22},"end":{"line":89,"column":23}},"loc":{"start":{"line":89,"column":30},"end":{"line":93,"column":7}},"line":89},"13":{"name":"(anonymous_13)","decl":{"start":{"line":97,"column":19},"end":{"line":97,"column":20}},"loc":{"start":{"line":97,"column":31},"end":{"line":104,"column":3}},"line":97},"14":{"name":"(anonymous_14)","decl":{"start":{"line":98,"column":20},"end":{"line":98,"column":21}},"loc":{"start":{"line":98,"column":28},"end":{"line":102,"column":5}},"line":98},"15":{"name":"(anonymous_15)","decl":{"start":{"line":106,"column":39},"end":{"line":106,"column":40}},"loc":{"start":{"line":106,"column":59},"end":{"line":124,"column":3}},"line":106},"16":{"name":"(anonymous_16)","decl":{"start":{"line":126,"column":19},"end":{"line":126,"column":20}},"loc":{"start":{"line":126,"column":31},"end":{"line":154,"column":3}},"line":126},"17":{"name":"(anonymous_17)","decl":{"start":{"line":141,"column":19},"end":{"line":141,"column":20}},"loc":{"start":{"line":141,"column":25},"end":{"line":144,"column":9}},"line":141},"18":{"name":"(anonymous_18)","decl":{"start":{"line":157,"column":12},"end":{"line":157,"column":13}},"loc":{"start":{"line":157,"column":18},"end":{"line":161,"column":3}},"line":157},"19":{"name":"(anonymous_19)","decl":{"start":{"line":163,"column":27},"end":{"line":163,"column":28}},"loc":{"start":{"line":163,"column":43},"end":{"line":168,"column":3}},"line":163},"20":{"name":"(anonymous_20)","decl":{"start":{"line":164,"column":19},"end":{"line":164,"column":20}},"loc":{"start":{"line":164,"column":28},"end":{"line":167,"column":5}},"line":164},"21":{"name":"(anonymous_21)","decl":{"start":{"line":170,"column":24},"end":{"line":170,"column":25}},"loc":{"start":{"line":170,"column":33},"end":{"line":177,"column":3}},"line":170},"22":{"name":"(anonymous_22)","decl":{"start":{"line":179,"column":23},"end":{"line":179,"column":24}},"loc":{"start":{"line":179,"column":35},"end":{"line":204,"column":3}},"line":179},"23":{"name":"(anonymous_23)","decl":{"start":{"line":187,"column":47},"end":{"line":187,"column":48}},"loc":{"start":{"line":187,"column":55},"end":{"line":187,"column":82}},"line":187},"24":{"name":"(anonymous_24)","decl":{"start":{"line":206,"column":27},"end":{"line":206,"column":28}},"loc":{"start":{"line":206,"column":39},"end":{"line":266,"column":3}},"line":206},"25":{"name":"(anonymous_25)","decl":{"start":{"line":217,"column":27},"end":{"line":217,"column":28}},"loc":{"start":{"line":217,"column":44},"end":{"line":257,"column":7}},"line":217},"26":{"name":"(anonymous_26)","decl":{"start":{"line":268,"column":26},"end":{"line":268,"column":27}},"loc":{"start":{"line":268,"column":36},"end":{"line":279,"column":3}},"line":268},"27":{"name":"(anonymous_27)","decl":{"start":{"line":269,"column":23},"end":{"line":269,"column":24}},"loc":{"start":{"line":269,"column":44},"end":{"line":278,"column":5}},"line":269},"28":{"name":"(anonymous_28)","decl":{"start":{"line":271,"column":22},"end":{"line":271,"column":23}},"loc":{"start":{"line":271,"column":33},"end":{"line":273,"column":7}},"line":271},"29":{"name":"(anonymous_29)","decl":{"start":{"line":274,"column":23},"end":{"line":274,"column":24}},"loc":{"start":{"line":274,"column":34},"end":{"line":276,"column":7}},"line":274},"30":{"name":"(anonymous_30)","decl":{"start":{"line":281,"column":24},"end":{"line":281,"column":25}},"loc":{"start":{"line":281,"column":41},"end":{"line":321,"column":3}},"line":281},"31":{"name":"(anonymous_31)","decl":{"start":{"line":300,"column":48},"end":{"line":300,"column":49}},"loc":{"start":{"line":300,"column":58},"end":{"line":305,"column":9}},"line":300},"32":{"name":"(anonymous_32)","decl":{"start":{"line":310,"column":46},"end":{"line":310,"column":47}},"loc":{"start":{"line":310,"column":55},"end":{"line":314,"column":9}},"line":310},"33":{"name":"(anonymous_33)","decl":{"start":{"line":323,"column":27},"end":{"line":323,"column":28}},"loc":{"start":{"line":323,"column":41},"end":{"line":365,"column":3}},"line":323},"34":{"name":"(anonymous_34)","decl":{"start":{"line":367,"column":19},"end":{"line":367,"column":20}},"loc":{"start":{"line":368,"column":4},"end":{"line":401,"column":10}},"line":368},"35":{"name":"(anonymous_35)","decl":{"start":{"line":372,"column":15},"end":{"line":372,"column":16}},"loc":{"start":{"line":372,"column":21},"end":{"line":378,"column":7}},"line":372},"36":{"name":"(anonymous_36)","decl":{"start":{"line":404,"column":19},"end":{"line":404,"column":20}},"loc":{"start":{"line":405,"column":4},"end":{"line":422,"column":10}},"line":405},"37":{"name":"(anonymous_37)","decl":{"start":{"line":473,"column":50},"end":{"line":473,"column":51}},"loc":{"start":{"line":474,"column":16},"end":{"line":490,"column":25}},"line":474},"38":{"name":"(anonymous_38)","decl":{"start":{"line":476,"column":27},"end":{"line":476,"column":28}},"loc":{"start":{"line":476,"column":33},"end":{"line":482,"column":19}},"line":476},"39":{"name":"(anonymous_39)","decl":{"start":{"line":496,"column":27},"end":{"line":496,"column":28}},"loc":{"start":{"line":497,"column":18},"end":{"line":497,"column":56}},"line":497},"40":{"name":"(anonymous_40)","decl":{"start":{"line":509,"column":47},"end":{"line":509,"column":48}},"loc":{"start":{"line":509,"column":57},"end":{"line":522,"column":19}},"line":509},"41":{"name":"(anonymous_41)","decl":{"start":{"line":510,"column":44},"end":{"line":510,"column":45}},"loc":{"start":{"line":510,"column":49},"end":{"line":510,"column":64}},"line":510},"42":{"name":"(anonymous_42)","decl":{"start":{"line":532,"column":29},"end":{"line":532,"column":30}},"loc":{"start":{"line":532,"column":35},"end":{"line":534,"column":21}},"line":532},"43":{"name":"(anonymous_43)","decl":{"start":{"line":543,"column":29},"end":{"line":543,"column":30}},"loc":{"start":{"line":543,"column":35},"end":{"line":545,"column":21}},"line":543},"44":{"name":"(anonymous_44)","decl":{"start":{"line":587,"column":29},"end":{"line":587,"column":30}},"loc":{"start":{"line":587,"column":35},"end":{"line":591,"column":21}},"line":587},"45":{"name":"(anonymous_45)","decl":{"start":{"line":628,"column":28},"end":{"line":628,"column":29}},"loc":{"start":{"line":628,"column":35},"end":{"line":628,"column":65}},"line":628},"46":{"name":"(anonymous_46)","decl":{"start":{"line":644,"column":31},"end":{"line":644,"column":32}},"loc":{"start":{"line":644,"column":37},"end":{"line":644,"column":62}},"line":644},"47":{"name":"(anonymous_47)","decl":{"start":{"line":652,"column":31},"end":{"line":652,"column":32}},"loc":{"start":{"line":652,"column":37},"end":{"line":652,"column":63}},"line":652},"48":{"name":"(anonymous_48)","decl":{"start":{"line":670,"column":61},"end":{"line":670,"column":62}},"loc":{"start":{"line":670,"column":87},"end":{"line":691,"column":21}},"line":670},"49":{"name":"(anonymous_49)","decl":{"start":{"line":685,"column":38},"end":{"line":685,"column":39}},"loc":{"start":{"line":685,"column":45},"end":{"line":685,"column":82}},"line":685},"50":{"name":"(anonymous_50)","decl":{"start":{"line":705,"column":49},"end":{"line":705,"column":50}},"loc":{"start":{"line":706,"column":26},"end":{"line":709,"column":33}},"line":706},"51":{"name":"(anonymous_51)","decl":{"start":{"line":716,"column":48},"end":{"line":716,"column":49}},"loc":{"start":{"line":717,"column":26},"end":{"line":719,"column":32}},"line":717},"52":{"name":"(anonymous_52)","decl":{"start":{"line":735,"column":66},"end":{"line":735,"column":67}},"loc":{"start":{"line":736,"column":26},"end":{"line":736,"column":60}},"line":736}},"branchMap":{"0":{"loc":{"start":{"line":68,"column":16},"end":{"line":68,"column":38}},"type":"binary-expr","locations":[{"start":{"line":68,"column":16},"end":{"line":68,"column":32}},{"start":{"line":68,"column":36},"end":{"line":68,"column":38}}],"line":68},"1":{"loc":{"start":{"line":107,"column":4},"end":{"line":107,"column":30}},"type":"if","locations":[{"start":{"line":107,"column":4},"end":{"line":107,"column":30}},{"start":{},"end":{}}],"line":107},"2":{"loc":{"start":{"line":112,"column":6},"end":{"line":117,"column":7}},"type":"if","locations":[{"start":{"line":112,"column":6},"end":{"line":117,"column":7}},{"start":{"line":114,"column":13},"end":{"line":117,"column":7}}],"line":112},"3":{"loc":{"start":{"line":113,"column":23},"end":{"line":113,"column":72}},"type":"binary-expr","locations":[{"start":{"line":113,"column":23},"end":{"line":113,"column":44}},{"start":{"line":113,"column":48},"end":{"line":113,"column":72}}],"line":113},"4":{"loc":{"start":{"line":116,"column":54},"end":{"line":116,"column":94}},"type":"binary-expr","locations":[{"start":{"line":116,"column":54},"end":{"line":116,"column":75}},{"start":{"line":116,"column":79},"end":{"line":116,"column":94}}],"line":116},"5":{"loc":{"start":{"line":120,"column":52},"end":{"line":120,"column":116}},"type":"binary-expr","locations":[{"start":{"line":120,"column":52},"end":{"line":120,"column":80}},{"start":{"line":120,"column":84},"end":{"line":120,"column":97}},{"start":{"line":120,"column":101},"end":{"line":120,"column":116}}],"line":120},"6":{"loc":{"start":{"line":127,"column":4},"end":{"line":127,"column":46}},"type":"if","locations":[{"start":{"line":127,"column":4},"end":{"line":127,"column":46}},{"start":{},"end":{}}],"line":127},"7":{"loc":{"start":{"line":127,"column":8},"end":{"line":127,"column":37}},"type":"binary-expr","locations":[{"start":{"line":127,"column":8},"end":{"line":127,"column":21}},{"start":{"line":127,"column":25},"end":{"line":127,"column":37}}],"line":127},"8":{"loc":{"start":{"line":138,"column":6},"end":{"line":147,"column":7}},"type":"if","locations":[{"start":{"line":138,"column":6},"end":{"line":147,"column":7}},{"start":{"line":145,"column":13},"end":{"line":147,"column":7}}],"line":138},"9":{"loc":{"start":{"line":146,"column":21},"end":{"line":146,"column":75}},"type":"binary-expr","locations":[{"start":{"line":146,"column":21},"end":{"line":146,"column":42}},{"start":{"line":146,"column":46},"end":{"line":146,"column":75}}],"line":146},"10":{"loc":{"start":{"line":150,"column":19},"end":{"line":150,"column":95}},"type":"binary-expr","locations":[{"start":{"line":150,"column":19},"end":{"line":150,"column":47}},{"start":{"line":150,"column":51},"end":{"line":150,"column":64}},{"start":{"line":150,"column":68},"end":{"line":150,"column":95}}],"line":150},"11":{"loc":{"start":{"line":158,"column":4},"end":{"line":160,"column":5}},"type":"if","locations":[{"start":{"line":158,"column":4},"end":{"line":160,"column":5}},{"start":{},"end":{}}],"line":158},"12":{"loc":{"start":{"line":158,"column":8},"end":{"line":158,"column":35}},"type":"binary-expr","locations":[{"start":{"line":158,"column":8},"end":{"line":158,"column":19}},{"start":{"line":158,"column":23},"end":{"line":158,"column":35}}],"line":158},"13":{"loc":{"start":{"line":173,"column":4},"end":{"line":175,"column":5}},"type":"if","locations":[{"start":{"line":173,"column":4},"end":{"line":175,"column":5}},{"start":{},"end":{}}],"line":173},"14":{"loc":{"start":{"line":173,"column":8},"end":{"line":173,"column":67}},"type":"binary-expr","locations":[{"start":{"line":173,"column":8},"end":{"line":173,"column":41}},{"start":{"line":173,"column":45},"end":{"line":173,"column":67}}],"line":173},"15":{"loc":{"start":{"line":174,"column":13},"end":{"line":174,"column":85}},"type":"binary-expr","locations":[{"start":{"line":174,"column":13},"end":{"line":174,"column":54}},{"start":{"line":174,"column":58},"end":{"line":174,"column":79}},{"start":{"line":174,"column":83},"end":{"line":174,"column":85}}],"line":174},"16":{"loc":{"start":{"line":176,"column":11},"end":{"line":176,"column":75}},"type":"binary-expr","locations":[{"start":{"line":176,"column":11},"end":{"line":176,"column":52}},{"start":{"line":176,"column":56},"end":{"line":176,"column":69}},{"start":{"line":176,"column":73},"end":{"line":176,"column":75}}],"line":176},"17":{"loc":{"start":{"line":186,"column":6},"end":{"line":197,"column":7}},"type":"if","locations":[{"start":{"line":186,"column":6},"end":{"line":197,"column":7}},{"start":{"line":194,"column":13},"end":{"line":197,"column":7}}],"line":186},"18":{"loc":{"start":{"line":188,"column":8},"end":{"line":193,"column":9}},"type":"if","locations":[{"start":{"line":188,"column":8},"end":{"line":193,"column":9}},{"start":{"line":190,"column":15},"end":{"line":193,"column":9}}],"line":188},"19":{"loc":{"start":{"line":192,"column":26},"end":{"line":192,"column":50}},"type":"binary-expr","locations":[{"start":{"line":192,"column":26},"end":{"line":192,"column":42}},{"start":{"line":192,"column":46},"end":{"line":192,"column":50}}],"line":192},"20":{"loc":{"start":{"line":196,"column":24},"end":{"line":196,"column":48}},"type":"binary-expr","locations":[{"start":{"line":196,"column":24},"end":{"line":196,"column":40}},{"start":{"line":196,"column":44},"end":{"line":196,"column":48}}],"line":196},"21":{"loc":{"start":{"line":219,"column":8},"end":{"line":222,"column":9}},"type":"if","locations":[{"start":{"line":219,"column":8},"end":{"line":222,"column":9}},{"start":{},"end":{}}],"line":219},"22":{"loc":{"start":{"line":242,"column":10},"end":{"line":250,"column":11}},"type":"if","locations":[{"start":{"line":242,"column":10},"end":{"line":250,"column":11}},{"start":{"line":248,"column":17},"end":{"line":250,"column":11}}],"line":242},"23":{"loc":{"start":{"line":249,"column":27},"end":{"line":249,"column":75}},"type":"binary-expr","locations":[{"start":{"line":249,"column":27},"end":{"line":249,"column":48}},{"start":{"line":249,"column":52},"end":{"line":249,"column":75}}],"line":249},"24":{"loc":{"start":{"line":253,"column":25},"end":{"line":253,"column":65}},"type":"binary-expr","locations":[{"start":{"line":253,"column":25},"end":{"line":253,"column":38}},{"start":{"line":253,"column":42},"end":{"line":253,"column":65}}],"line":253},"25":{"loc":{"start":{"line":287,"column":6},"end":{"line":289,"column":7}},"type":"if","locations":[{"start":{"line":287,"column":6},"end":{"line":289,"column":7}},{"start":{},"end":{}}],"line":287},"26":{"loc":{"start":{"line":287,"column":10},"end":{"line":287,"column":55}},"type":"binary-expr","locations":[{"start":{"line":287,"column":10},"end":{"line":287,"column":21}},{"start":{"line":287,"column":25},"end":{"line":287,"column":55}}],"line":287},"27":{"loc":{"start":{"line":293,"column":14},"end":{"line":293,"column":48}},"type":"binary-expr","locations":[{"start":{"line":293,"column":14},"end":{"line":293,"column":29}},{"start":{"line":293,"column":33},"end":{"line":293,"column":48}}],"line":293},"28":{"loc":{"start":{"line":299,"column":6},"end":{"line":306,"column":7}},"type":"if","locations":[{"start":{"line":299,"column":6},"end":{"line":306,"column":7}},{"start":{},"end":{}}],"line":299},"29":{"loc":{"start":{"line":299,"column":10},"end":{"line":299,"column":63}},"type":"binary-expr","locations":[{"start":{"line":299,"column":10},"end":{"line":299,"column":27}},{"start":{"line":299,"column":31},"end":{"line":299,"column":63}}],"line":299},"30":{"loc":{"start":{"line":301,"column":16},"end":{"line":301,"column":32}},"type":"binary-expr","locations":[{"start":{"line":301,"column":16},"end":{"line":301,"column":26}},{"start":{"line":301,"column":30},"end":{"line":301,"column":32}}],"line":301},"31":{"loc":{"start":{"line":302,"column":16},"end":{"line":302,"column":32}},"type":"binary-expr","locations":[{"start":{"line":302,"column":16},"end":{"line":302,"column":26}},{"start":{"line":302,"column":30},"end":{"line":302,"column":32}}],"line":302},"32":{"loc":{"start":{"line":303,"column":16},"end":{"line":303,"column":32}},"type":"binary-expr","locations":[{"start":{"line":303,"column":16},"end":{"line":303,"column":26}},{"start":{"line":303,"column":30},"end":{"line":303,"column":32}}],"line":303},"33":{"loc":{"start":{"line":304,"column":21},"end":{"line":304,"column":42}},"type":"binary-expr","locations":[{"start":{"line":304,"column":21},"end":{"line":304,"column":36}},{"start":{"line":304,"column":40},"end":{"line":304,"column":42}}],"line":304},"34":{"loc":{"start":{"line":309,"column":6},"end":{"line":315,"column":7}},"type":"if","locations":[{"start":{"line":309,"column":6},"end":{"line":315,"column":7}},{"start":{},"end":{}}],"line":309},"35":{"loc":{"start":{"line":309,"column":10},"end":{"line":309,"column":61}},"type":"binary-expr","locations":[{"start":{"line":309,"column":10},"end":{"line":309,"column":26}},{"start":{"line":309,"column":30},"end":{"line":309,"column":61}}],"line":309},"36":{"loc":{"start":{"line":311,"column":16},"end":{"line":311,"column":31}},"type":"binary-expr","locations":[{"start":{"line":311,"column":16},"end":{"line":311,"column":25}},{"start":{"line":311,"column":29},"end":{"line":311,"column":31}}],"line":311},"37":{"loc":{"start":{"line":312,"column":23},"end":{"line":312,"column":45}},"type":"binary-expr","locations":[{"start":{"line":312,"column":23},"end":{"line":312,"column":39}},{"start":{"line":312,"column":43},"end":{"line":312,"column":45}}],"line":312},"38":{"loc":{"start":{"line":313,"column":27},"end":{"line":313,"column":53}},"type":"binary-expr","locations":[{"start":{"line":313,"column":27},"end":{"line":313,"column":47}},{"start":{"line":313,"column":51},"end":{"line":313,"column":53}}],"line":313},"39":{"loc":{"start":{"line":325,"column":4},"end":{"line":327,"column":5}},"type":"if","locations":[{"start":{"line":325,"column":4},"end":{"line":327,"column":5}},{"start":{},"end":{}}],"line":325},"40":{"loc":{"start":{"line":330,"column":4},"end":{"line":332,"column":5}},"type":"if","locations":[{"start":{"line":330,"column":4},"end":{"line":332,"column":5}},{"start":{},"end":{}}],"line":330},"41":{"loc":{"start":{"line":335,"column":6},"end":{"line":337,"column":7}},"type":"if","locations":[{"start":{"line":335,"column":6},"end":{"line":337,"column":7}},{"start":{},"end":{}}],"line":335},"42":{"loc":{"start":{"line":338,"column":6},"end":{"line":340,"column":7}},"type":"if","locations":[{"start":{"line":338,"column":6},"end":{"line":340,"column":7}},{"start":{},"end":{}}],"line":338},"43":{"loc":{"start":{"line":341,"column":6},"end":{"line":343,"column":7}},"type":"if","locations":[{"start":{"line":341,"column":6},"end":{"line":343,"column":7}},{"start":{},"end":{}}],"line":341},"44":{"loc":{"start":{"line":344,"column":6},"end":{"line":346,"column":7}},"type":"if","locations":[{"start":{"line":344,"column":6},"end":{"line":346,"column":7}},{"start":{},"end":{}}],"line":344},"45":{"loc":{"start":{"line":350,"column":4},"end":{"line":352,"column":5}},"type":"if","locations":[{"start":{"line":350,"column":4},"end":{"line":352,"column":5}},{"start":{},"end":{}}],"line":350},"46":{"loc":{"start":{"line":355,"column":6},"end":{"line":357,"column":7}},"type":"if","locations":[{"start":{"line":355,"column":6},"end":{"line":357,"column":7}},{"start":{},"end":{}}],"line":355},"47":{"loc":{"start":{"line":358,"column":6},"end":{"line":360,"column":7}},"type":"if","locations":[{"start":{"line":358,"column":6},"end":{"line":360,"column":7}},{"start":{},"end":{}}],"line":358},"48":{"loc":{"start":{"line":361,"column":6},"end":{"line":363,"column":7}},"type":"if","locations":[{"start":{"line":361,"column":6},"end":{"line":363,"column":7}},{"start":{},"end":{}}],"line":361},"49":{"loc":{"start":{"line":370,"column":8},"end":{"line":370,"column":109}},"type":"cond-expr","locations":[{"start":{"line":370,"column":39},"end":{"line":370,"column":67}},{"start":{"line":370,"column":70},"end":{"line":370,"column":109}}],"line":370},"50":{"loc":{"start":{"line":375,"column":8},"end":{"line":377,"column":9}},"type":"if","locations":[{"start":{"line":375,"column":8},"end":{"line":377,"column":9}},{"start":{},"end":{}}],"line":375},"51":{"loc":{"start":{"line":383,"column":11},"end":{"line":393,"column":11}},"type":"cond-expr","locations":[{"start":{"line":384,"column":12},"end":{"line":387,"column":18}},{"start":{"line":389,"column":12},"end":{"line":392,"column":18}}],"line":383},"52":{"loc":{"start":{"line":398,"column":15},"end":{"line":398,"column":66}},"type":"cond-expr","locations":[{"start":{"line":398,"column":44},"end":{"line":398,"column":62}},{"start":{"line":398,"column":65},"end":{"line":398,"column":66}}],"line":398},"53":{"loc":{"start":{"line":399,"column":15},"end":{"line":399,"column":64}},"type":"cond-expr","locations":[{"start":{"line":399,"column":43},"end":{"line":399,"column":60}},{"start":{"line":399,"column":63},"end":{"line":399,"column":64}}],"line":399},"54":{"loc":{"start":{"line":406,"column":6},"end":{"line":408,"column":34}},"type":"cond-expr","locations":[{"start":{"line":406,"column":30},"end":{"line":406,"column":56}},{"start":{"line":407,"column":6},"end":{"line":408,"column":34}}],"line":406},"55":{"loc":{"start":{"line":407,"column":6},"end":{"line":408,"column":34}},"type":"cond-expr","locations":[{"start":{"line":407,"column":32},"end":{"line":407,"column":64}},{"start":{"line":408,"column":6},"end":{"line":408,"column":34}}],"line":407},"56":{"loc":{"start":{"line":417,"column":9},"end":{"line":417,"column":82}},"type":"binary-expr","locations":[{"start":{"line":417,"column":9},"end":{"line":417,"column":30}},{"start":{"line":417,"column":34},"end":{"line":417,"column":82}}],"line":417},"57":{"loc":{"start":{"line":418,"column":9},"end":{"line":418,"column":87}},"type":"binary-expr","locations":[{"start":{"line":418,"column":9},"end":{"line":418,"column":32}},{"start":{"line":418,"column":36},"end":{"line":418,"column":87}}],"line":418},"58":{"loc":{"start":{"line":419,"column":9},"end":{"line":419,"column":82}},"type":"binary-expr","locations":[{"start":{"line":419,"column":9},"end":{"line":419,"column":29}},{"start":{"line":419,"column":33},"end":{"line":419,"column":82}}],"line":419},"59":{"loc":{"start":{"line":437,"column":18},"end":{"line":439,"column":67}},"type":"cond-expr","locations":[{"start":{"line":438,"column":22},"end":{"line":438,"column":68}},{"start":{"line":439,"column":22},"end":{"line":439,"column":67}}],"line":437},"60":{"loc":{"start":{"line":442,"column":49},"end":{"line":442,"column":83}},"type":"cond-expr","locations":[{"start":{"line":442,"column":64},"end":{"line":442,"column":78}},{"start":{"line":442,"column":81},"end":{"line":442,"column":83}}],"line":442},"61":{"loc":{"start":{"line":443,"column":17},"end":{"line":443,"column":65}},"type":"cond-expr","locations":[{"start":{"line":443,"column":32},"end":{"line":443,"column":47}},{"start":{"line":443,"column":50},"end":{"line":443,"column":65}}],"line":443},"62":{"loc":{"start":{"line":445,"column":15},"end":{"line":449,"column":15}},"type":"binary-expr","locations":[{"start":{"line":445,"column":15},"end":{"line":445,"column":27}},{"start":{"line":446,"column":16},"end":{"line":448,"column":22}}],"line":445},"63":{"loc":{"start":{"line":456,"column":17},"end":{"line":456,"column":63}},"type":"cond-expr","locations":[{"start":{"line":456,"column":33},"end":{"line":456,"column":47}},{"start":{"line":456,"column":50},"end":{"line":456,"column":63}}],"line":456},"64":{"loc":{"start":{"line":458,"column":15},"end":{"line":462,"column":15}},"type":"binary-expr","locations":[{"start":{"line":458,"column":15},"end":{"line":458,"column":26}},{"start":{"line":459,"column":16},"end":{"line":461,"column":22}}],"line":458},"65":{"loc":{"start":{"line":479,"column":20},"end":{"line":481,"column":21}},"type":"if","locations":[{"start":{"line":479,"column":20},"end":{"line":481,"column":21}},{"start":{},"end":{}}],"line":479},"66":{"loc":{"start":{"line":484,"column":20},"end":{"line":486,"column":69}},"type":"cond-expr","locations":[{"start":{"line":485,"column":24},"end":{"line":485,"column":48}},{"start":{"line":486,"column":24},"end":{"line":486,"column":69}}],"line":484},"67":{"loc":{"start":{"line":494,"column":13},"end":{"line":500,"column":13}},"type":"binary-expr","locations":[{"start":{"line":494,"column":13},"end":{"line":494,"column":34}},{"start":{"line":495,"column":14},"end":{"line":499,"column":20}}],"line":494},"68":{"loc":{"start":{"line":502,"column":13},"end":{"line":525,"column":13}},"type":"binary-expr","locations":[{"start":{"line":502,"column":13},"end":{"line":502,"column":36}},{"start":{"line":503,"column":14},"end":{"line":524,"column":20}}],"line":502},"69":{"loc":{"start":{"line":506,"column":17},"end":{"line":523,"column":17}},"type":"cond-expr","locations":[{"start":{"line":507,"column":18},"end":{"line":507,"column":85}},{"start":{"line":509,"column":18},"end":{"line":522,"column":20}}],"line":506},"70":{"loc":{"start":{"line":518,"column":27},"end":{"line":518,"column":56}},"type":"binary-expr","locations":[{"start":{"line":518,"column":27},"end":{"line":518,"column":51}},{"start":{"line":518,"column":55},"end":{"line":518,"column":56}}],"line":518},"71":{"loc":{"start":{"line":527,"column":13},"end":{"line":554,"column":13}},"type":"binary-expr","locations":[{"start":{"line":527,"column":13},"end":{"line":527,"column":35}},{"start":{"line":527,"column":39},"end":{"line":527,"column":51}},{"start":{"line":528,"column":14},"end":{"line":553,"column":20}}],"line":527},"72":{"loc":{"start":{"line":560,"column":11},"end":{"line":758,"column":11}},"type":"cond-expr","locations":[{"start":{"line":561,"column":12},"end":{"line":633,"column":18}},{"start":{"line":634,"column":14},"end":{"line":758,"column":11}}],"line":560},"73":{"loc":{"start":{"line":569,"column":22},"end":{"line":571,"column":70}},"type":"cond-expr","locations":[{"start":{"line":570,"column":26},"end":{"line":570,"column":58}},{"start":{"line":571,"column":26},"end":{"line":571,"column":70}}],"line":569},"74":{"loc":{"start":{"line":574,"column":21},"end":{"line":584,"column":21}},"type":"cond-expr","locations":[{"start":{"line":575,"column":22},"end":{"line":578,"column":25}},{"start":{"line":580,"column":22},"end":{"line":583,"column":25}}],"line":574},"75":{"loc":{"start":{"line":600,"column":15},"end":{"line":607,"column":15}},"type":"binary-expr","locations":[{"start":{"line":600,"column":15},"end":{"line":600,"column":26}},{"start":{"line":601,"column":16},"end":{"line":606,"column":22}}],"line":600},"76":{"loc":{"start":{"line":609,"column":15},"end":{"line":616,"column":15}},"type":"binary-expr","locations":[{"start":{"line":609,"column":15},"end":{"line":609,"column":24}},{"start":{"line":610,"column":16},"end":{"line":615,"column":22}}],"line":609},"77":{"loc":{"start":{"line":618,"column":15},"end":{"line":632,"column":15}},"type":"cond-expr","locations":[{"start":{"line":619,"column":16},"end":{"line":624,"column":22}},{"start":{"line":626,"column":16},"end":{"line":631,"column":18}}],"line":618},"78":{"loc":{"start":{"line":634,"column":14},"end":{"line":758,"column":11}},"type":"cond-expr","locations":[{"start":{"line":635,"column":12},"end":{"line":749,"column":18}},{"start":{"line":751,"column":12},"end":{"line":757,"column":18}}],"line":634},"79":{"loc":{"start":{"line":642,"column":19},"end":{"line":658,"column":19}},"type":"cond-expr","locations":[{"start":{"line":643,"column":20},"end":{"line":649,"column":29}},{"start":{"line":651,"column":20},"end":{"line":657,"column":29}}],"line":642},"80":{"loc":{"start":{"line":672,"column":43},"end":{"line":674,"column":39}},"type":"cond-expr","locations":[{"start":{"line":673,"column":26},"end":{"line":673,"column":47}},{"start":{"line":674,"column":26},"end":{"line":674,"column":39}}],"line":672},"81":{"loc":{"start":{"line":672,"column":43},"end":{"line":672,"column":102}},"type":"binary-expr","locations":[{"start":{"line":672,"column":43},"end":{"line":672,"column":76}},{"start":{"line":672,"column":80},"end":{"line":672,"column":102}}],"line":672},"82":{"loc":{"start":{"line":687,"column":41},"end":{"line":687,"column":59}},"type":"binary-expr","locations":[{"start":{"line":687,"column":41},"end":{"line":687,"column":53}},{"start":{"line":687,"column":57},"end":{"line":687,"column":59}}],"line":687},"83":{"loc":{"start":{"line":708,"column":29},"end":{"line":708,"column":108}},"type":"cond-expr","locations":[{"start":{"line":708,"column":57},"end":{"line":708,"column":100}},{"start":{"line":708,"column":103},"end":{"line":708,"column":108}}],"line":708},"84":{"loc":{"start":{"line":708,"column":57},"end":{"line":708,"column":100}},"type":"binary-expr","locations":[{"start":{"line":708,"column":57},"end":{"line":708,"column":67}},{"start":{"line":708,"column":71},"end":{"line":708,"column":81}},{"start":{"line":708,"column":85},"end":{"line":708,"column":100}}],"line":708},"85":{"loc":{"start":{"line":718,"column":31},"end":{"line":718,"column":130}},"type":"cond-expr","locations":[{"start":{"line":718,"column":58},"end":{"line":718,"column":105}},{"start":{"line":718,"column":108},"end":{"line":718,"column":130}}],"line":718},"86":{"loc":{"start":{"line":718,"column":58},"end":{"line":718,"column":105}},"type":"binary-expr","locations":[{"start":{"line":718,"column":58},"end":{"line":718,"column":67}},{"start":{"line":718,"column":71},"end":{"line":718,"column":87}},{"start":{"line":718,"column":91},"end":{"line":718,"column":105}}],"line":718},"87":{"loc":{"start":{"line":733,"column":21},"end":{"line":745,"column":21}},"type":"cond-expr","locations":[{"start":{"line":734,"column":22},"end":{"line":738,"column":28}},{"start":{"line":740,"column":22},"end":{"line":744,"column":28}}],"line":733}},"s":{"0":1,"1":1,"2":1,"3":73,"4":73,"5":73,"6":73,"7":73,"8":73,"9":73,"10":73,"11":73,"12":73,"13":73,"14":73,"15":73,"16":73,"17":73,"18":73,"19":73,"20":73,"21":14,"22":13,"23":13,"24":1,"25":73,"26":28,"27":28,"28":73,"29":14,"30":0,"31":0,"32":0,"33":0,"34":0,"35":14,"36":14,"37":14,"38":73,"39":3,"40":3,"41":3,"42":3,"43":0,"44":0,"45":0,"46":0,"47":73,"48":1,"49":1,"50":1,"51":1,"52":1,"53":73,"54":3,"55":0,"56":3,"57":3,"58":3,"59":3,"60":3,"61":0,"62":0,"63":0,"64":0,"65":3,"66":73,"67":2,"68":0,"69":2,"70":2,"71":2,"72":2,"73":2,"74":1,"75":1,"76":1,"77":1,"78":1,"79":0,"80":1,"81":1,"82":2,"83":73,"84":32,"85":3,"86":73,"87":0,"88":0,"89":73,"90":32,"91":32,"92":0,"93":32,"94":73,"95":2,"96":2,"97":2,"98":2,"99":2,"100":2,"101":1,"102":1,"103":1,"104":1,"105":0,"106":1,"107":0,"108":0,"109":2,"110":73,"111":3,"112":3,"113":3,"114":3,"115":3,"116":3,"117":3,"118":3,"119":3,"120":0,"121":0,"122":3,"123":3,"124":3,"125":2,"126":2,"127":1,"128":1,"129":1,"130":0,"131":2,"132":2,"133":3,"134":3,"135":0,"136":0,"137":0,"138":73,"139":3,"140":3,"141":3,"142":3,"143":3,"144":0,"145":3,"146":73,"147":3,"148":3,"149":3,"150":1,"151":2,"152":2,"153":2,"154":2,"155":2,"156":2,"157":2,"158":2,"159":1,"160":73,"161":2,"162":0,"163":2,"164":0,"165":2,"166":2,"167":0,"168":2,"169":0,"170":2,"171":0,"172":2,"173":0,"174":2,"175":0,"176":2,"177":2,"178":0,"179":2,"180":0,"181":2,"182":0,"183":73,"184":50,"185":2,"186":2,"187":0,"188":73,"189":0,"190":73,"191":219,"192":5,"193":5,"194":0,"195":52,"196":1,"197":1,"198":1,"199":3,"200":0,"201":1,"202":1,"203":1,"204":17,"205":1,"206":3,"207":32,"208":32,"209":0,"210":32,"211":32,"212":0},"f":{"0":73,"1":14,"2":13,"3":1,"4":28,"5":14,"6":0,"7":0,"8":14,"9":3,"10":3,"11":0,"12":0,"13":1,"14":1,"15":3,"16":2,"17":1,"18":32,"19":0,"20":0,"21":32,"22":2,"23":1,"24":3,"25":3,"26":3,"27":3,"28":3,"29":0,"30":3,"31":2,"32":2,"33":2,"34":50,"35":2,"36":0,"37":219,"38":5,"39":52,"40":1,"41":1,"42":3,"43":0,"44":1,"45":17,"46":1,"47":3,"48":32,"49":0,"50":32,"51":32,"52":0},"b":{"0":[0,0],"1":[0,3],"2":[3,0],"3":[3,0],"4":[0,0],"5":[0,0,0],"6":[0,2],"7":[2,2],"8":[1,0],"9":[0,0],"10":[1,0,0],"11":[3,29],"12":[32,3],"13":[0,32],"14":[32,0],"15":[0,0,0],"16":[32,32,0],"17":[1,1],"18":[1,0],"19":[0,0],"20":[1,0],"21":[0,3],"22":[1,0],"23":[0,0],"24":[2,0],"25":[1,2],"26":[3,3],"27":[2,0],"28":[2,0],"29":[2,2],"30":[2,0],"31":[2,0],"32":[2,0],"33":[2,0],"34":[2,0],"35":[2,2],"36":[2,0],"37":[2,0],"38":[2,0],"39":[0,2],"40":[0,2],"41":[0,2],"42":[0,2],"43":[0,2],"44":[0,2],"45":[0,2],"46":[0,2],"47":[0,2],"48":[0,2],"49":[25,25],"50":[0,2],"51":[3,47],"52":[50,0],"53":[50,0],"54":[0,0],"55":[0,0],"56":[0,0],"57":[0,0],"58":[0,0],"59":[1,72],"60":[1,72],"61":[1,72],"62":[73,0],"63":[3,70],"64":[73,2],"65":[0,5],"66":[73,146],"67":[73,40],"68":[73,2],"69":[1,1],"70":[1,1],"71":[73,31,31],"72":[27,46],"73":[2,25],"74":[2,25],"75":[27,1],"76":[27,1],"77":[0,27],"78":[32,14],"79":[4,28],"80":[0,32],"81":[32,0],"82":[32,0],"83":[32,0],"84":[32,32,0],"85":[32,0],"86":[32,0,0],"87":[0,32]},"_coverageSchema":"1a1c01bbd47fc00a2c39e90264f33305004495a9","hash":"d8e7459669b81ce0bf4cd9553dc6216a0d772b49"}
,"D:\\crew-ai-examples\\claude-ui\\crewai-manager\\frontend\\src\\index.js": {"path":"D:\\crew-ai-examples\\claude-ui\\crewai-manager\\frontend\\src\\index.js","statementMap":{"0":{"start":{"line":7,"column":13},"end":{"line":7,"column":65}},"1":{"start":{"line":8,"column":0},"end":{"line":12,"column":2}},"2":{"start":{"line":17,"column":0},"end":{"line":17,"column":18}}},"fnMap":{},"branchMap":{},"s":{"0":0,"1":0,"2":0},"f":{},"b":{}}
,"D:\\crew-ai-examples\\claude-ui\\crewai-manager\\frontend\\src\\reportWebVitals.js": {"path":"D:\\crew-ai-examples\\claude-ui\\crewai-manager\\frontend\\src\\reportWebVitals.js","statementMap":{"0":{"start":{"line":1,"column":24},"end":{"line":11,"column":1}},"1":{"start":{"line":2,"column":2},"end":{"line":10,"column":3}},"2":{"start":{"line":3,"column":4},"end":{"line":9,"column":7}},"3":{"start":{"line":4,"column":6},"end":{"line":4,"column":26}},"4":{"start":{"line":5,"column":6},"end":{"line":5,"column":26}},"5":{"start":{"line":6,"column":6},"end":{"line":6,"column":26}},"6":{"start":{"line":7,"column":6},"end":{"line":7,"column":26}},"7":{"start":{"line":8,"column":6},"end":{"line":8,"column":27}}},"fnMap":{"0":{"name":"(anonymous_0)","decl":{"start":{"line":1,"column":24},"end":{"line":1,"column":25}},"loc":{"start":{"line":1,"column":39},"end":{"line":11,"column":1}},"line":1},"1":{"name":"(anonymous_1)","decl":{"start":{"line":3,"column":30},"end":{"line":3,"column":31}},"loc":{"start":{"line":3,"column":79},"end":{"line":9,"column":5}},"line":3}},"branchMap":{"0":{"loc":{"start":{"line":2,"column":2},"end":{"line":10,"column":3}},"type":"if","locations":[{"start":{"line":2,"column":2},"end":{"line":10,"column":3}},{"start":{},"end":{}}],"line":2},"1":{"loc":{"start":{"line":2,"column":6},"end":{"line":2,"column":52}},"type":"binary-expr","locations":[{"start":{"line":2,"column":6},"end":{"line":2,"column":17}},{"start":{"line":2,"column":21},"end":{"line":2,"column":52}}],"line":2}},"s":{"0":0,"1":0,"2":0,"3":0,"4":0,"5":0,"6":0,"7":0},"f":{"0":0,"1":0},"b":{"0":[0,0],"1":[0,0]}}
}
