TN:
SF:src\App.js
FN:26,(anonymous_0)
FN:45,(anonymous_1)
FN:47,(anonymous_2)
FN:51,(anonymous_3)
FN:56,(anonymous_4)
FN:61,(anonymous_5)
FN:62,(anonymous_6)
FN:64,(anonymous_7)
FN:79,(anonymous_8)
FN:84,(anonymous_9)
FN:85,(anonymous_10)
FN:88,(anonymous_11)
FN:89,(anonymous_12)
FN:97,(anonymous_13)
FN:98,(anonymous_14)
FN:106,(anonymous_15)
FN:126,(anonymous_16)
FN:141,(anonymous_17)
FN:157,(anonymous_18)
FN:163,(anonymous_19)
FN:164,(anonymous_20)
FN:170,(anonymous_21)
FN:179,(anonymous_22)
FN:187,(anonymous_23)
FN:206,(anonymous_24)
FN:217,(anonymous_25)
FN:268,(anonymous_26)
FN:269,(anonymous_27)
FN:271,(anonymous_28)
FN:274,(anonymous_29)
FN:281,(anonymous_30)
FN:300,(anonymous_31)
FN:310,(anonymous_32)
FN:323,(anonymous_33)
FN:367,(anonymous_34)
FN:372,(anonymous_35)
FN:404,(anonymous_36)
FN:473,(anonymous_37)
FN:476,(anonymous_38)
FN:496,(anonymous_39)
FN:509,(anonymous_40)
FN:510,(anonymous_41)
FN:532,(anonymous_42)
FN:543,(anonymous_43)
FN:587,(anonymous_44)
FN:628,(anonymous_45)
FN:644,(anonymous_46)
FN:652,(anonymous_47)
FN:670,(anonymous_48)
FN:685,(anonymous_49)
FN:705,(anonymous_50)
FN:716,(anonymous_51)
FN:735,(anonymous_52)
FNF:53
FNH:42
FNDA:73,(anonymous_0)
FNDA:14,(anonymous_1)
FNDA:13,(anonymous_2)
FNDA:1,(anonymous_3)
FNDA:28,(anonymous_4)
FNDA:14,(anonymous_5)
FNDA:0,(anonymous_6)
FNDA:0,(anonymous_7)
FNDA:14,(anonymous_8)
FNDA:3,(anonymous_9)
FNDA:3,(anonymous_10)
FNDA:0,(anonymous_11)
FNDA:0,(anonymous_12)
FNDA:1,(anonymous_13)
FNDA:1,(anonymous_14)
FNDA:3,(anonymous_15)
FNDA:2,(anonymous_16)
FNDA:1,(anonymous_17)
FNDA:32,(anonymous_18)
FNDA:0,(anonymous_19)
FNDA:0,(anonymous_20)
FNDA:32,(anonymous_21)
FNDA:2,(anonymous_22)
FNDA:1,(anonymous_23)
FNDA:3,(anonymous_24)
FNDA:3,(anonymous_25)
FNDA:3,(anonymous_26)
FNDA:3,(anonymous_27)
FNDA:3,(anonymous_28)
FNDA:0,(anonymous_29)
FNDA:3,(anonymous_30)
FNDA:2,(anonymous_31)
FNDA:2,(anonymous_32)
FNDA:2,(anonymous_33)
FNDA:50,(anonymous_34)
FNDA:2,(anonymous_35)
FNDA:0,(anonymous_36)
FNDA:219,(anonymous_37)
FNDA:5,(anonymous_38)
FNDA:52,(anonymous_39)
FNDA:1,(anonymous_40)
FNDA:1,(anonymous_41)
FNDA:3,(anonymous_42)
FNDA:0,(anonymous_43)
FNDA:1,(anonymous_44)
FNDA:17,(anonymous_45)
FNDA:1,(anonymous_46)
FNDA:3,(anonymous_47)
FNDA:32,(anonymous_48)
FNDA:0,(anonymous_49)
FNDA:32,(anonymous_50)
FNDA:32,(anonymous_51)
FNDA:0,(anonymous_52)
DA:23,1
DA:24,1
DA:26,1
DA:27,73
DA:28,73
DA:29,73
DA:30,73
DA:31,73
DA:32,73
DA:33,73
DA:34,73
DA:35,73
DA:36,73
DA:37,73
DA:38,73
DA:39,73
DA:40,73
DA:41,73
DA:42,73
DA:43,73
DA:45,73
DA:46,14
DA:48,13
DA:49,13
DA:52,1
DA:56,73
DA:57,28
DA:58,28
DA:61,73
DA:62,14
DA:63,0
DA:64,0
DA:65,0
DA:72,0
DA:73,0
DA:77,14
DA:79,14
DA:80,14
DA:84,73
DA:85,3
DA:86,3
DA:88,3
DA:89,0
DA:90,0
DA:91,0
DA:92,0
DA:97,73
DA:98,1
DA:99,1
DA:100,1
DA:101,1
DA:103,1
DA:106,73
DA:107,3
DA:109,3
DA:110,3
DA:111,3
DA:112,3
DA:113,3
DA:115,0
DA:116,0
DA:119,0
DA:120,0
DA:122,3
DA:126,73
DA:127,2
DA:129,2
DA:130,2
DA:131,2
DA:133,2
DA:134,2
DA:138,1
DA:139,1
DA:141,1
DA:142,1
DA:143,1
DA:146,0
DA:149,1
DA:150,1
DA:152,2
DA:157,73
DA:158,32
DA:159,3
DA:163,73
DA:164,0
DA:170,73
DA:172,32
DA:173,32
DA:174,0
DA:176,32
DA:179,73
DA:180,2
DA:181,2
DA:182,2
DA:183,2
DA:184,2
DA:186,2
DA:187,1
DA:188,1
DA:189,1
DA:192,0
DA:196,1
DA:199,0
DA:200,0
DA:202,2
DA:206,73
DA:207,3
DA:208,3
DA:210,3
DA:212,3
DA:213,3
DA:214,3
DA:217,3
DA:218,3
DA:219,3
DA:220,0
DA:221,0
DA:224,3
DA:226,3
DA:229,3
DA:232,2
DA:235,2
DA:242,1
DA:244,1
DA:247,1
DA:249,0
DA:252,2
DA:253,2
DA:255,3
DA:260,3
DA:262,0
DA:263,0
DA:264,0
DA:268,73
DA:269,3
DA:270,3
DA:271,3
DA:272,3
DA:274,3
DA:275,0
DA:277,3
DA:281,73
DA:282,3
DA:284,3
DA:287,3
DA:288,1
DA:292,2
DA:299,2
DA:300,2
DA:309,2
DA:310,2
DA:317,2
DA:319,1
DA:323,73
DA:325,2
DA:326,0
DA:330,2
DA:331,0
DA:334,2
DA:335,2
DA:336,0
DA:338,2
DA:339,0
DA:341,2
DA:342,0
DA:344,2
DA:345,0
DA:350,2
DA:351,0
DA:354,2
DA:355,2
DA:356,0
DA:358,2
DA:359,0
DA:361,2
DA:362,0
DA:367,73
DA:368,50
DA:373,2
DA:375,2
DA:376,0
DA:404,73
DA:405,0
DA:425,73
DA:474,219
DA:477,5
DA:479,5
DA:480,0
DA:497,52
DA:510,1
DA:511,1
DA:533,3
DA:544,0
DA:588,1
DA:589,1
DA:590,1
DA:628,17
DA:644,1
DA:652,3
DA:672,32
DA:676,32
DA:685,0
DA:706,32
DA:717,32
DA:736,0
LF:205
LH:163
BRDA:68,0,0,0
BRDA:68,0,1,0
BRDA:107,1,0,0
BRDA:107,1,1,3
BRDA:112,2,0,3
BRDA:112,2,1,0
BRDA:113,3,0,3
BRDA:113,3,1,0
BRDA:116,4,0,0
BRDA:116,4,1,0
BRDA:120,5,0,0
BRDA:120,5,1,0
BRDA:120,5,2,0
BRDA:127,6,0,0
BRDA:127,6,1,2
BRDA:127,7,0,2
BRDA:127,7,1,2
BRDA:138,8,0,1
BRDA:138,8,1,0
BRDA:146,9,0,0
BRDA:146,9,1,0
BRDA:150,10,0,1
BRDA:150,10,1,0
BRDA:150,10,2,0
BRDA:158,11,0,3
BRDA:158,11,1,29
BRDA:158,12,0,32
BRDA:158,12,1,3
BRDA:173,13,0,0
BRDA:173,13,1,32
BRDA:173,14,0,32
BRDA:173,14,1,0
BRDA:174,15,0,0
BRDA:174,15,1,0
BRDA:174,15,2,0
BRDA:176,16,0,32
BRDA:176,16,1,32
BRDA:176,16,2,0
BRDA:186,17,0,1
BRDA:186,17,1,1
BRDA:188,18,0,1
BRDA:188,18,1,0
BRDA:192,19,0,0
BRDA:192,19,1,0
BRDA:196,20,0,1
BRDA:196,20,1,0
BRDA:219,21,0,0
BRDA:219,21,1,3
BRDA:242,22,0,1
BRDA:242,22,1,0
BRDA:249,23,0,0
BRDA:249,23,1,0
BRDA:253,24,0,2
BRDA:253,24,1,0
BRDA:287,25,0,1
BRDA:287,25,1,2
BRDA:287,26,0,3
BRDA:287,26,1,3
BRDA:293,27,0,2
BRDA:293,27,1,0
BRDA:299,28,0,2
BRDA:299,28,1,0
BRDA:299,29,0,2
BRDA:299,29,1,2
BRDA:301,30,0,2
BRDA:301,30,1,0
BRDA:302,31,0,2
BRDA:302,31,1,0
BRDA:303,32,0,2
BRDA:303,32,1,0
BRDA:304,33,0,2
BRDA:304,33,1,0
BRDA:309,34,0,2
BRDA:309,34,1,0
BRDA:309,35,0,2
BRDA:309,35,1,2
BRDA:311,36,0,2
BRDA:311,36,1,0
BRDA:312,37,0,2
BRDA:312,37,1,0
BRDA:313,38,0,2
BRDA:313,38,1,0
BRDA:325,39,0,0
BRDA:325,39,1,2
BRDA:330,40,0,0
BRDA:330,40,1,2
BRDA:335,41,0,0
BRDA:335,41,1,2
BRDA:338,42,0,0
BRDA:338,42,1,2
BRDA:341,43,0,0
BRDA:341,43,1,2
BRDA:344,44,0,0
BRDA:344,44,1,2
BRDA:350,45,0,0
BRDA:350,45,1,2
BRDA:355,46,0,0
BRDA:355,46,1,2
BRDA:358,47,0,0
BRDA:358,47,1,2
BRDA:361,48,0,0
BRDA:361,48,1,2
BRDA:370,49,0,25
BRDA:370,49,1,25
BRDA:375,50,0,0
BRDA:375,50,1,2
BRDA:383,51,0,3
BRDA:383,51,1,47
BRDA:398,52,0,50
BRDA:398,52,1,0
BRDA:399,53,0,50
BRDA:399,53,1,0
BRDA:406,54,0,0
BRDA:406,54,1,0
BRDA:407,55,0,0
BRDA:407,55,1,0
BRDA:417,56,0,0
BRDA:417,56,1,0
BRDA:418,57,0,0
BRDA:418,57,1,0
BRDA:419,58,0,0
BRDA:419,58,1,0
BRDA:437,59,0,1
BRDA:437,59,1,72
BRDA:442,60,0,1
BRDA:442,60,1,72
BRDA:443,61,0,1
BRDA:443,61,1,72
BRDA:445,62,0,73
BRDA:445,62,1,0
BRDA:456,63,0,3
BRDA:456,63,1,70
BRDA:458,64,0,73
BRDA:458,64,1,2
BRDA:479,65,0,0
BRDA:479,65,1,5
BRDA:484,66,0,73
BRDA:484,66,1,146
BRDA:494,67,0,73
BRDA:494,67,1,40
BRDA:502,68,0,73
BRDA:502,68,1,2
BRDA:506,69,0,1
BRDA:506,69,1,1
BRDA:518,70,0,1
BRDA:518,70,1,1
BRDA:527,71,0,73
BRDA:527,71,1,31
BRDA:527,71,2,31
BRDA:560,72,0,27
BRDA:560,72,1,46
BRDA:569,73,0,2
BRDA:569,73,1,25
BRDA:574,74,0,2
BRDA:574,74,1,25
BRDA:600,75,0,27
BRDA:600,75,1,1
BRDA:609,76,0,27
BRDA:609,76,1,1
BRDA:618,77,0,0
BRDA:618,77,1,27
BRDA:634,78,0,32
BRDA:634,78,1,14
BRDA:642,79,0,4
BRDA:642,79,1,28
BRDA:672,80,0,0
BRDA:672,80,1,32
BRDA:672,81,0,32
BRDA:672,81,1,0
BRDA:687,82,0,32
BRDA:687,82,1,0
BRDA:708,83,0,32
BRDA:708,83,1,0
BRDA:708,84,0,32
BRDA:708,84,1,32
BRDA:708,84,2,0
BRDA:718,85,0,32
BRDA:718,85,1,0
BRDA:718,86,0,32
BRDA:718,86,1,0
BRDA:718,86,2,0
BRDA:733,87,0,0
BRDA:733,87,1,32
BRF:183
BRH:107
end_of_record
TN:
SF:src\index.js
FNF:0
FNH:0
DA:7,0
DA:8,0
DA:17,0
LF:3
LH:0
BRF:0
BRH:0
end_of_record
TN:
SF:src\reportWebVitals.js
FN:1,(anonymous_0)
FN:3,(anonymous_1)
FNF:2
FNH:0
FNDA:0,(anonymous_0)
FNDA:0,(anonymous_1)
DA:1,0
DA:2,0
DA:3,0
DA:4,0
DA:5,0
DA:6,0
DA:7,0
DA:8,0
LF:8
LH:0
BRDA:2,0,0,0
BRDA:2,0,1,0
BRDA:2,1,0,0
BRDA:2,1,1,0
BRF:4
BRH:0
end_of_record
